<?xml version="1.0" encoding="UTF-8"?>
<!-- Generated by org.testng.reporters.JUnitXMLReporter -->
<testsuite ignored="0" hostname="WB-MP29CFQY" failures="0" tests="5" name="Default test" time="0.036" errors="0" timestamp="2023-09-22T11:37:49 IST">
  <testcase classname="spautomation.test" name="t1" time="0.007"/>
  <testcase classname="spautomation.test" name="t2" time="0.001"/>
  <testcase classname="spautomation.test" name="t3" time="0.001"/>
  <testcase classname="spautomation.test" name="t4" time="0.0"/>
  <testcase classname="spautomation.test" name="t5" time="0.0"/>
</testsuite> <!-- Default test -->
