<?xml version="1.0" encoding="UTF-8"?>
<testng-results ignored="0" total="5" passed="5" failed="0" skipped="0">
  <reporter-output>
  </reporter-output>
  <suite started-at="2023-09-22T11:37:49 IST" name="Default suite" finished-at="2023-09-22T11:37:49 IST" duration-ms="36">
    <groups>
    </groups>
    <test started-at="2023-09-22T11:37:49 IST" name="Default test" finished-at="2023-09-22T11:37:49 IST" duration-ms="36">
      <class name="spautomation.test">
        <test-method signature="t1()[pri:0, instance:spautomation.test@17046283]" started-at="2023-09-22T11:37:49 IST" name="t1" finished-at="2023-09-22T11:37:49 IST" duration-ms="7" status="PASS">
          <reporter-output>
          </reporter-output>
        </test-method> <!-- t1 -->
        <test-method signature="t2()[pri:0, instance:spautomation.test@17046283]" started-at="2023-09-22T11:37:49 IST" name="t2" finished-at="2023-09-22T11:37:49 IST" duration-ms="1" status="PASS">
          <reporter-output>
          </reporter-output>
        </test-method> <!-- t2 -->
        <test-method signature="t3()[pri:0, instance:spautomation.test@17046283]" started-at="2023-09-22T11:37:49 IST" name="t3" finished-at="2023-09-22T11:37:49 IST" duration-ms="1" status="PASS">
          <reporter-output>
          </reporter-output>
        </test-method> <!-- t3 -->
        <test-method signature="t4()[pri:0, instance:spautomation.test@17046283]" started-at="2023-09-22T11:37:49 IST" name="t4" finished-at="2023-09-22T11:37:49 IST" duration-ms="0" status="PASS">
          <reporter-output>
          </reporter-output>
        </test-method> <!-- t4 -->
        <test-method signature="t5()[pri:0, instance:spautomation.test@17046283]" started-at="2023-09-22T11:37:49 IST" name="t5" finished-at="2023-09-22T11:37:49 IST" duration-ms="0" status="PASS">
          <reporter-output>
          </reporter-output>
        </test-method> <!-- t5 -->
      </class> <!-- spautomation.test -->
    </test> <!-- Default test -->
  </suite> <!-- Default suite -->
</testng-results>
